The system is: Linux - 4.4.0-141-generic - x86_64
Compiling the C compiler identification source file "CMakeCCompilerId.c" succeeded.
Compiler: /usr/bin/cc 
Build flags: 
Id flags: 

The output was:
0


Compilation of the C compiler identification source "CMakeCCompilerId.c" produced "a.out"

The C compiler identification is GNU, found in "/home/prem/learning/opencv/labs/week3/cpp/build/CMakeFiles/3.5.1/CompilerIdC/a.out"

Compiling the CXX compiler identification source file "CMakeCXXCompilerId.cpp" succeeded.
Compiler: /usr/bin/c++ 
Build flags: 
Id flags: 

The output was:
0


Compilation of the CXX compiler identification source "CMakeCXXCompilerId.cpp" produced "a.out"

The CXX compiler identification is GNU, found in "/home/prem/learning/opencv/labs/week3/cpp/build/CMakeFiles/3.5.1/CompilerIdCXX/a.out"

Determining if the C compiler works passed with the following output:
Change Dir: /home/prem/learning/opencv/labs/week3/cpp/build/CMakeFiles/CMakeTmp

Run Build Command:"/usr/bin/make" "cmTC_0a23c/fast"
/usr/bin/make -f CMakeFiles/cmTC_0a23c.dir/build.make CMakeFiles/cmTC_0a23c.dir/build
make[1]: Entering directory '/home/prem/learning/opencv/labs/week3/cpp/build/CMakeFiles/CMakeTmp'
Building C object CMakeFiles/cmTC_0a23c.dir/testCCompiler.c.o
/usr/bin/cc     -o CMakeFiles/cmTC_0a23c.dir/testCCompiler.c.o   -c /home/prem/learning/opencv/labs/week3/cpp/build/CMakeFiles/CMakeTmp/testCCompiler.c
Linking C executable cmTC_0a23c
/usr/bin/cmake -E cmake_link_script CMakeFiles/cmTC_0a23c.dir/link.txt --verbose=1
/usr/bin/cc       CMakeFiles/cmTC_0a23c.dir/testCCompiler.c.o  -o cmTC_0a23c -rdynamic 
make[1]: Leaving directory '/home/prem/learning/opencv/labs/week3/cpp/build/CMakeFiles/CMakeTmp'


Detecting C compiler ABI info compiled with the following output:
Change Dir: /home/prem/learning/opencv/labs/week3/cpp/build/CMakeFiles/CMakeTmp

Run Build Command:"/usr/bin/make" "cmTC_690ac/fast"
/usr/bin/make -f CMakeFiles/cmTC_690ac.dir/build.make CMakeFiles/cmTC_690ac.dir/build
make[1]: Entering directory '/home/prem/learning/opencv/labs/week3/cpp/build/CMakeFiles/CMakeTmp'
Building C object CMakeFiles/cmTC_690ac.dir/CMakeCCompilerABI.c.o
/usr/bin/cc     -o CMakeFiles/cmTC_690ac.dir/CMakeCCompilerABI.c.o   -c /usr/share/cmake-3.5/Modules/CMakeCCompilerABI.c
Linking C executable cmTC_690ac
/usr/bin/cmake -E cmake_link_script CMakeFiles/cmTC_690ac.dir/link.txt --verbose=1
/usr/bin/cc      -v CMakeFiles/cmTC_690ac.dir/CMakeCCompilerABI.c.o  -o cmTC_690ac -rdynamic  
Using built-in specs.
COLLECT_GCC=/usr/bin/cc
COLLECT_LTO_WRAPPER=/usr/lib/gcc/x86_64-linux-gnu/5/lto-wrapper
Target: x86_64-linux-gnu
Configured with: ../src/configure -v --with-pkgversion='Ubuntu 5.4.0-6ubuntu1~16.04.11' --with-bugurl=file:///usr/share/doc/gcc-5/README.Bugs --enable-languages=c,ada,c++,java,go,d,fortran,objc,obj-c++ --prefix=/usr --program-suffix=-5 --enable-shared --enable-linker-build-id --libexecdir=/usr/lib --without-included-gettext --enable-threads=posix --libdir=/usr/lib --enable-nls --with-sysroot=/ --enable-clocale=gnu --enable-libstdcxx-debug --enable-libstdcxx-time=yes --with-default-libstdcxx-abi=new --enable-gnu-unique-object --disable-vtable-verify --enable-libmpx --enable-plugin --with-system-zlib --disable-browser-plugin --enable-java-awt=gtk --enable-gtk-cairo --with-java-home=/usr/lib/jvm/java-1.5.0-gcj-5-amd64/jre --enable-java-home --with-jvm-root-dir=/usr/lib/jvm/java-1.5.0-gcj-5-amd64 --with-jvm-jar-dir=/usr/lib/jvm-exports/java-1.5.0-gcj-5-amd64 --with-arch-directory=amd64 --with-ecj-jar=/usr/share/java/eclipse-ecj.jar --enable-objc-gc --enable-multiarch --disable-werror --with-arch-32=i686 --with-abi=m64 --with-multilib-list=m32,m64,mx32 --enable-multilib --with-tune=generic --enable-checking=release --build=x86_64-linux-gnu --host=x86_64-linux-gnu --target=x86_64-linux-gnu
Thread model: posix
gcc version 5.4.0 20160609 (Ubuntu 5.4.0-6ubuntu1~16.04.11) 
COMPILER_PATH=/usr/lib/gcc/x86_64-linux-gnu/5/:/usr/lib/gcc/x86_64-linux-gnu/5/:/usr/lib/gcc/x86_64-linux-gnu/:/usr/lib/gcc/x86_64-linux-gnu/5/:/usr/lib/gcc/x86_64-linux-gnu/
LIBRARY_PATH=/usr/lib/gcc/x86_64-linux-gnu/5/:/usr/lib/gcc/x86_64-linux-gnu/5/../../../x86_64-linux-gnu/:/usr/lib/gcc/x86_64-linux-gnu/5/../../../../lib/:/lib/x86_64-linux-gnu/:/lib/../lib/:/usr/lib/x86_64-linux-gnu/:/usr/lib/../lib/:/usr/lib/gcc/x86_64-linux-gnu/5/../../../:/lib/:/usr/lib/
COLLECT_GCC_OPTIONS='-v' '-o' 'cmTC_690ac' '-rdynamic' '-mtune=generic' '-march=x86-64'
 /usr/lib/gcc/x86_64-linux-gnu/5/collect2 -plugin /usr/lib/gcc/x86_64-linux-gnu/5/liblto_plugin.so -plugin-opt=/usr/lib/gcc/x86_64-linux-gnu/5/lto-wrapper -plugin-opt=-fresolution=/tmp/ccx4BhQP.res -plugin-opt=-pass-through=-lgcc -plugin-opt=-pass-through=-lgcc_s -plugin-opt=-pass-through=-lc -plugin-opt=-pass-through=-lgcc -plugin-opt=-pass-through=-lgcc_s --sysroot=/ --build-id --eh-frame-hdr -m elf_x86_64 --hash-style=gnu --as-needed -export-dynamic -dynamic-linker /lib64/ld-linux-x86-64.so.2 -z relro -o cmTC_690ac /usr/lib/gcc/x86_64-linux-gnu/5/../../../x86_64-linux-gnu/crt1.o /usr/lib/gcc/x86_64-linux-gnu/5/../../../x86_64-linux-gnu/crti.o /usr/lib/gcc/x86_64-linux-gnu/5/crtbegin.o -L/usr/lib/gcc/x86_64-linux-gnu/5 -L/usr/lib/gcc/x86_64-linux-gnu/5/../../../x86_64-linux-gnu -L/usr/lib/gcc/x86_64-linux-gnu/5/../../../../lib -L/lib/x86_64-linux-gnu -L/lib/../lib -L/usr/lib/x86_64-linux-gnu -L/usr/lib/../lib -L/usr/lib/gcc/x86_64-linux-gnu/5/../../.. CMakeFiles/cmTC_690ac.dir/CMakeCCompilerABI.c.o -lgcc --as-needed -lgcc_s --no-as-needed -lc -lgcc --as-needed -lgcc_s --no-as-needed /usr/lib/gcc/x86_64-linux-gnu/5/crtend.o /usr/lib/gcc/x86_64-linux-gnu/5/../../../x86_64-linux-gnu/crtn.o
make[1]: Leaving directory '/home/prem/learning/opencv/labs/week3/cpp/build/CMakeFiles/CMakeTmp'


Parsed C implicit link information from above output:
  link line regex: [^( *|.*[/\])(ld|([^/\]+-)?ld|collect2)[^/\]*( |$)]
  ignore line: [Change Dir: /home/prem/learning/opencv/labs/week3/cpp/build/CMakeFiles/CMakeTmp]
  ignore line: []
  ignore line: [Run Build Command:"/usr/bin/make" "cmTC_690ac/fast"]
  ignore line: [/usr/bin/make -f CMakeFiles/cmTC_690ac.dir/build.make CMakeFiles/cmTC_690ac.dir/build]
  ignore line: [make[1]: Entering directory '/home/prem/learning/opencv/labs/week3/cpp/build/CMakeFiles/CMakeTmp']
  ignore line: [Building C object CMakeFiles/cmTC_690ac.dir/CMakeCCompilerABI.c.o]
  ignore line: [/usr/bin/cc     -o CMakeFiles/cmTC_690ac.dir/CMakeCCompilerABI.c.o   -c /usr/share/cmake-3.5/Modules/CMakeCCompilerABI.c]
  ignore line: [Linking C executable cmTC_690ac]
  ignore line: [/usr/bin/cmake -E cmake_link_script CMakeFiles/cmTC_690ac.dir/link.txt --verbose=1]
  ignore line: [/usr/bin/cc      -v CMakeFiles/cmTC_690ac.dir/CMakeCCompilerABI.c.o  -o cmTC_690ac -rdynamic  ]
  ignore line: [Using built-in specs.]
  ignore line: [COLLECT_GCC=/usr/bin/cc]
  ignore line: [COLLECT_LTO_WRAPPER=/usr/lib/gcc/x86_64-linux-gnu/5/lto-wrapper]
  ignore line: [Target: x86_64-linux-gnu]
  ignore line: [Configured with: ../src/configure -v --with-pkgversion='Ubuntu 5.4.0-6ubuntu1~16.04.11' --with-bugurl=file:///usr/share/doc/gcc-5/README.Bugs --enable-languages=c,ada,c++,java,go,d,fortran,objc,obj-c++ --prefix=/usr --program-suffix=-5 --enable-shared --enable-linker-build-id --libexecdir=/usr/lib --without-included-gettext --enable-threads=posix --libdir=/usr/lib --enable-nls --with-sysroot=/ --enable-clocale=gnu --enable-libstdcxx-debug --enable-libstdcxx-time=yes --with-default-libstdcxx-abi=new --enable-gnu-unique-object --disable-vtable-verify --enable-libmpx --enable-plugin --with-system-zlib --disable-browser-plugin --enable-java-awt=gtk --enable-gtk-cairo --with-java-home=/usr/lib/jvm/java-1.5.0-gcj-5-amd64/jre --enable-java-home --with-jvm-root-dir=/usr/lib/jvm/java-1.5.0-gcj-5-amd64 --with-jvm-jar-dir=/usr/lib/jvm-exports/java-1.5.0-gcj-5-amd64 --with-arch-directory=amd64 --with-ecj-jar=/usr/share/java/eclipse-ecj.jar --enable-objc-gc --enable-multiarch --disable-werror --with-arch-32=i686 --with-abi=m64 --with-multilib-list=m32,m64,mx32 --enable-multilib --with-tune=generic --enable-checking=release --build=x86_64-linux-gnu --host=x86_64-linux-gnu --target=x86_64-linux-gnu]
  ignore line: [Thread model: posix]
  ignore line: [gcc version 5.4.0 20160609 (Ubuntu 5.4.0-6ubuntu1~16.04.11) ]
  ignore line: [COMPILER_PATH=/usr/lib/gcc/x86_64-linux-gnu/5/:/usr/lib/gcc/x86_64-linux-gnu/5/:/usr/lib/gcc/x86_64-linux-gnu/:/usr/lib/gcc/x86_64-linux-gnu/5/:/usr/lib/gcc/x86_64-linux-gnu/]
  ignore line: [LIBRARY_PATH=/usr/lib/gcc/x86_64-linux-gnu/5/:/usr/lib/gcc/x86_64-linux-gnu/5/../../../x86_64-linux-gnu/:/usr/lib/gcc/x86_64-linux-gnu/5/../../../../lib/:/lib/x86_64-linux-gnu/:/lib/../lib/:/usr/lib/x86_64-linux-gnu/:/usr/lib/../lib/:/usr/lib/gcc/x86_64-linux-gnu/5/../../../:/lib/:/usr/lib/]
  ignore line: [COLLECT_GCC_OPTIONS='-v' '-o' 'cmTC_690ac' '-rdynamic' '-mtune=generic' '-march=x86-64']
  link line: [ /usr/lib/gcc/x86_64-linux-gnu/5/collect2 -plugin /usr/lib/gcc/x86_64-linux-gnu/5/liblto_plugin.so -plugin-opt=/usr/lib/gcc/x86_64-linux-gnu/5/lto-wrapper -plugin-opt=-fresolution=/tmp/ccx4BhQP.res -plugin-opt=-pass-through=-lgcc -plugin-opt=-pass-through=-lgcc_s -plugin-opt=-pass-through=-lc -plugin-opt=-pass-through=-lgcc -plugin-opt=-pass-through=-lgcc_s --sysroot=/ --build-id --eh-frame-hdr -m elf_x86_64 --hash-style=gnu --as-needed -export-dynamic -dynamic-linker /lib64/ld-linux-x86-64.so.2 -z relro -o cmTC_690ac /usr/lib/gcc/x86_64-linux-gnu/5/../../../x86_64-linux-gnu/crt1.o /usr/lib/gcc/x86_64-linux-gnu/5/../../../x86_64-linux-gnu/crti.o /usr/lib/gcc/x86_64-linux-gnu/5/crtbegin.o -L/usr/lib/gcc/x86_64-linux-gnu/5 -L/usr/lib/gcc/x86_64-linux-gnu/5/../../../x86_64-linux-gnu -L/usr/lib/gcc/x86_64-linux-gnu/5/../../../../lib -L/lib/x86_64-linux-gnu -L/lib/../lib -L/usr/lib/x86_64-linux-gnu -L/usr/lib/../lib -L/usr/lib/gcc/x86_64-linux-gnu/5/../../.. CMakeFiles/cmTC_690ac.dir/CMakeCCompilerABI.c.o -lgcc --as-needed -lgcc_s --no-as-needed -lc -lgcc --as-needed -lgcc_s --no-as-needed /usr/lib/gcc/x86_64-linux-gnu/5/crtend.o /usr/lib/gcc/x86_64-linux-gnu/5/../../../x86_64-linux-gnu/crtn.o]
    arg [/usr/lib/gcc/x86_64-linux-gnu/5/collect2] ==> ignore
    arg [-plugin] ==> ignore
    arg [/usr/lib/gcc/x86_64-linux-gnu/5/liblto_plugin.so] ==> ignore
    arg [-plugin-opt=/usr/lib/gcc/x86_64-linux-gnu/5/lto-wrapper] ==> ignore
    arg [-plugin-opt=-fresolution=/tmp/ccx4BhQP.res] ==> ignore
    arg [-plugin-opt=-pass-through=-lgcc] ==> ignore
    arg [-plugin-opt=-pass-through=-lgcc_s] ==> ignore
    arg [-plugin-opt=-pass-through=-lc] ==> ignore
    arg [-plugin-opt=-pass-through=-lgcc] ==> ignore
    arg [-plugin-opt=-pass-through=-lgcc_s] ==> ignore
    arg [--sysroot=/] ==> ignore
    arg [--build-id] ==> ignore
    arg [--eh-frame-hdr] ==> ignore
    arg [-m] ==> ignore
    arg [elf_x86_64] ==> ignore
    arg [--hash-style=gnu] ==> ignore
    arg [--as-needed] ==> ignore
    arg [-export-dynamic] ==> ignore
    arg [-dynamic-linker] ==> ignore
    arg [/lib64/ld-linux-x86-64.so.2] ==> ignore
    arg [-zrelro] ==> ignore
    arg [-o] ==> ignore
    arg [cmTC_690ac] ==> ignore
    arg [/usr/lib/gcc/x86_64-linux-gnu/5/../../../x86_64-linux-gnu/crt1.o] ==> ignore
    arg [/usr/lib/gcc/x86_64-linux-gnu/5/../../../x86_64-linux-gnu/crti.o] ==> ignore
    arg [/usr/lib/gcc/x86_64-linux-gnu/5/crtbegin.o] ==> ignore
    arg [-L/usr/lib/gcc/x86_64-linux-gnu/5] ==> dir [/usr/lib/gcc/x86_64-linux-gnu/5]
    arg [-L/usr/lib/gcc/x86_64-linux-gnu/5/../../../x86_64-linux-gnu] ==> dir [/usr/lib/gcc/x86_64-linux-gnu/5/../../../x86_64-linux-gnu]
    arg [-L/usr/lib/gcc/x86_64-linux-gnu/5/../../../../lib] ==> dir [/usr/lib/gcc/x86_64-linux-gnu/5/../../../../lib]
    arg [-L/lib/x86_64-linux-gnu] ==> dir [/lib/x86_64-linux-gnu]
    arg [-L/lib/../lib] ==> dir [/lib/../lib]
    arg [-L/usr/lib/x86_64-linux-gnu] ==> dir [/usr/lib/x86_64-linux-gnu]
    arg [-L/usr/lib/../lib] ==> dir [/usr/lib/../lib]
    arg [-L/usr/lib/gcc/x86_64-linux-gnu/5/../../..] ==> dir [/usr/lib/gcc/x86_64-linux-gnu/5/../../..]
    arg [CMakeFiles/cmTC_690ac.dir/CMakeCCompilerABI.c.o] ==> ignore
    arg [-lgcc] ==> lib [gcc]
    arg [--as-needed] ==> ignore
    arg [-lgcc_s] ==> lib [gcc_s]
    arg [--no-as-needed] ==> ignore
    arg [-lc] ==> lib [c]
    arg [-lgcc] ==> lib [gcc]
    arg [--as-needed] ==> ignore
    arg [-lgcc_s] ==> lib [gcc_s]
    arg [--no-as-needed] ==> ignore
    arg [/usr/lib/gcc/x86_64-linux-gnu/5/crtend.o] ==> ignore
    arg [/usr/lib/gcc/x86_64-linux-gnu/5/../../../x86_64-linux-gnu/crtn.o] ==> ignore
  remove lib [gcc]
  remove lib [gcc_s]
  remove lib [gcc]
  remove lib [gcc_s]
  collapse library dir [/usr/lib/gcc/x86_64-linux-gnu/5] ==> [/usr/lib/gcc/x86_64-linux-gnu/5]
  collapse library dir [/usr/lib/gcc/x86_64-linux-gnu/5/../../../x86_64-linux-gnu] ==> [/usr/lib/x86_64-linux-gnu]
  collapse library dir [/usr/lib/gcc/x86_64-linux-gnu/5/../../../../lib] ==> [/usr/lib]
  collapse library dir [/lib/x86_64-linux-gnu] ==> [/lib/x86_64-linux-gnu]
  collapse library dir [/lib/../lib] ==> [/lib]
  collapse library dir [/usr/lib/x86_64-linux-gnu] ==> [/usr/lib/x86_64-linux-gnu]
  collapse library dir [/usr/lib/../lib] ==> [/usr/lib]
  collapse library dir [/usr/lib/gcc/x86_64-linux-gnu/5/../../..] ==> [/usr/lib]
  implicit libs: [c]
  implicit dirs: [/usr/lib/gcc/x86_64-linux-gnu/5;/usr/lib/x86_64-linux-gnu;/usr/lib;/lib/x86_64-linux-gnu;/lib]
  implicit fwks: []




Detecting C [-std=c11] compiler features compiled with the following output:
Change Dir: /home/prem/learning/opencv/labs/week3/cpp/build/CMakeFiles/CMakeTmp

Run Build Command:"/usr/bin/make" "cmTC_73137/fast"
/usr/bin/make -f CMakeFiles/cmTC_73137.dir/build.make CMakeFiles/cmTC_73137.dir/build
make[1]: Entering directory '/home/prem/learning/opencv/labs/week3/cpp/build/CMakeFiles/CMakeTmp'
Building C object CMakeFiles/cmTC_73137.dir/feature_tests.c.o
/usr/bin/cc    -std=c11 -o CMakeFiles/cmTC_73137.dir/feature_tests.c.o   -c /home/prem/learning/opencv/labs/week3/cpp/build/CMakeFiles/feature_tests.c
Linking C executable cmTC_73137
/usr/bin/cmake -E cmake_link_script CMakeFiles/cmTC_73137.dir/link.txt --verbose=1
/usr/bin/cc       CMakeFiles/cmTC_73137.dir/feature_tests.c.o  -o cmTC_73137 -rdynamic 
make[1]: Leaving directory '/home/prem/learning/opencv/labs/week3/cpp/build/CMakeFiles/CMakeTmp'


    Feature record: C_FEATURE:1c_function_prototypes
    Feature record: C_FEATURE:1c_restrict
    Feature record: C_FEATURE:1c_static_assert
    Feature record: C_FEATURE:1c_variadic_macros


Detecting C [-std=c99] compiler features compiled with the following output:
Change Dir: /home/prem/learning/opencv/labs/week3/cpp/build/CMakeFiles/CMakeTmp

Run Build Command:"/usr/bin/make" "cmTC_5ad1b/fast"
/usr/bin/make -f CMakeFiles/cmTC_5ad1b.dir/build.make CMakeFiles/cmTC_5ad1b.dir/build
make[1]: Entering directory '/home/prem/learning/opencv/labs/week3/cpp/build/CMakeFiles/CMakeTmp'
Building C object CMakeFiles/cmTC_5ad1b.dir/feature_tests.c.o
/usr/bin/cc    -std=c99 -o CMakeFiles/cmTC_5ad1b.dir/feature_tests.c.o   -c /home/prem/learning/opencv/labs/week3/cpp/build/CMakeFiles/feature_tests.c
Linking C executable cmTC_5ad1b
/usr/bin/cmake -E cmake_link_script CMakeFiles/cmTC_5ad1b.dir/link.txt --verbose=1
/usr/bin/cc       CMakeFiles/cmTC_5ad1b.dir/feature_tests.c.o  -o cmTC_5ad1b -rdynamic 
make[1]: Leaving directory '/home/prem/learning/opencv/labs/week3/cpp/build/CMakeFiles/CMakeTmp'


    Feature record: C_FEATURE:1c_function_prototypes
    Feature record: C_FEATURE:1c_restrict
    Feature record: C_FEATURE:0c_static_assert
    Feature record: C_FEATURE:1c_variadic_macros


Detecting C [-std=c90] compiler features compiled with the following output:
Change Dir: /home/prem/learning/opencv/labs/week3/cpp/build/CMakeFiles/CMakeTmp

Run Build Command:"/usr/bin/make" "cmTC_920ec/fast"
/usr/bin/make -f CMakeFiles/cmTC_920ec.dir/build.make CMakeFiles/cmTC_920ec.dir/build
make[1]: Entering directory '/home/prem/learning/opencv/labs/week3/cpp/build/CMakeFiles/CMakeTmp'
Building C object CMakeFiles/cmTC_920ec.dir/feature_tests.c.o
/usr/bin/cc    -std=c90 -o CMakeFiles/cmTC_920ec.dir/feature_tests.c.o   -c /home/prem/learning/opencv/labs/week3/cpp/build/CMakeFiles/feature_tests.c
Linking C executable cmTC_920ec
/usr/bin/cmake -E cmake_link_script CMakeFiles/cmTC_920ec.dir/link.txt --verbose=1
/usr/bin/cc       CMakeFiles/cmTC_920ec.dir/feature_tests.c.o  -o cmTC_920ec -rdynamic 
make[1]: Leaving directory '/home/prem/learning/opencv/labs/week3/cpp/build/CMakeFiles/CMakeTmp'


    Feature record: C_FEATURE:1c_function_prototypes
    Feature record: C_FEATURE:0c_restrict
    Feature record: C_FEATURE:0c_static_assert
    Feature record: C_FEATURE:0c_variadic_macros
Determining if the CXX compiler works passed with the following output:
Change Dir: /home/prem/learning/opencv/labs/week3/cpp/build/CMakeFiles/CMakeTmp

Run Build Command:"/usr/bin/make" "cmTC_8e483/fast"
/usr/bin/make -f CMakeFiles/cmTC_8e483.dir/build.make CMakeFiles/cmTC_8e483.dir/build
make[1]: Entering directory '/home/prem/learning/opencv/labs/week3/cpp/build/CMakeFiles/CMakeTmp'
Building CXX object CMakeFiles/cmTC_8e483.dir/testCXXCompiler.cxx.o
/usr/bin/c++      -o CMakeFiles/cmTC_8e483.dir/testCXXCompiler.cxx.o -c /home/prem/learning/opencv/labs/week3/cpp/build/CMakeFiles/CMakeTmp/testCXXCompiler.cxx
Linking CXX executable cmTC_8e483
/usr/bin/cmake -E cmake_link_script CMakeFiles/cmTC_8e483.dir/link.txt --verbose=1
/usr/bin/c++        CMakeFiles/cmTC_8e483.dir/testCXXCompiler.cxx.o  -o cmTC_8e483 -rdynamic 
make[1]: Leaving directory '/home/prem/learning/opencv/labs/week3/cpp/build/CMakeFiles/CMakeTmp'


Detecting CXX compiler ABI info compiled with the following output:
Change Dir: /home/prem/learning/opencv/labs/week3/cpp/build/CMakeFiles/CMakeTmp

Run Build Command:"/usr/bin/make" "cmTC_b8d7b/fast"
/usr/bin/make -f CMakeFiles/cmTC_b8d7b.dir/build.make CMakeFiles/cmTC_b8d7b.dir/build
make[1]: Entering directory '/home/prem/learning/opencv/labs/week3/cpp/build/CMakeFiles/CMakeTmp'
Building CXX object CMakeFiles/cmTC_b8d7b.dir/CMakeCXXCompilerABI.cpp.o
/usr/bin/c++      -o CMakeFiles/cmTC_b8d7b.dir/CMakeCXXCompilerABI.cpp.o -c /usr/share/cmake-3.5/Modules/CMakeCXXCompilerABI.cpp
Linking CXX executable cmTC_b8d7b
/usr/bin/cmake -E cmake_link_script CMakeFiles/cmTC_b8d7b.dir/link.txt --verbose=1
/usr/bin/c++       -v CMakeFiles/cmTC_b8d7b.dir/CMakeCXXCompilerABI.cpp.o  -o cmTC_b8d7b -rdynamic  
Using built-in specs.
COLLECT_GCC=/usr/bin/c++
COLLECT_LTO_WRAPPER=/usr/lib/gcc/x86_64-linux-gnu/5/lto-wrapper
Target: x86_64-linux-gnu
Configured with: ../src/configure -v --with-pkgversion='Ubuntu 5.4.0-6ubuntu1~16.04.11' --with-bugurl=file:///usr/share/doc/gcc-5/README.Bugs --enable-languages=c,ada,c++,java,go,d,fortran,objc,obj-c++ --prefix=/usr --program-suffix=-5 --enable-shared --enable-linker-build-id --libexecdir=/usr/lib --without-included-gettext --enable-threads=posix --libdir=/usr/lib --enable-nls --with-sysroot=/ --enable-clocale=gnu --enable-libstdcxx-debug --enable-libstdcxx-time=yes --with-default-libstdcxx-abi=new --enable-gnu-unique-object --disable-vtable-verify --enable-libmpx --enable-plugin --with-system-zlib --disable-browser-plugin --enable-java-awt=gtk --enable-gtk-cairo --with-java-home=/usr/lib/jvm/java-1.5.0-gcj-5-amd64/jre --enable-java-home --with-jvm-root-dir=/usr/lib/jvm/java-1.5.0-gcj-5-amd64 --with-jvm-jar-dir=/usr/lib/jvm-exports/java-1.5.0-gcj-5-amd64 --with-arch-directory=amd64 --with-ecj-jar=/usr/share/java/eclipse-ecj.jar --enable-objc-gc --enable-multiarch --disable-werror --with-arch-32=i686 --with-abi=m64 --with-multilib-list=m32,m64,mx32 --enable-multilib --with-tune=generic --enable-checking=release --build=x86_64-linux-gnu --host=x86_64-linux-gnu --target=x86_64-linux-gnu
Thread model: posix
gcc version 5.4.0 20160609 (Ubuntu 5.4.0-6ubuntu1~16.04.11) 
COMPILER_PATH=/usr/lib/gcc/x86_64-linux-gnu/5/:/usr/lib/gcc/x86_64-linux-gnu/5/:/usr/lib/gcc/x86_64-linux-gnu/:/usr/lib/gcc/x86_64-linux-gnu/5/:/usr/lib/gcc/x86_64-linux-gnu/
LIBRARY_PATH=/usr/lib/gcc/x86_64-linux-gnu/5/:/usr/lib/gcc/x86_64-linux-gnu/5/../../../x86_64-linux-gnu/:/usr/lib/gcc/x86_64-linux-gnu/5/../../../../lib/:/lib/x86_64-linux-gnu/:/lib/../lib/:/usr/lib/x86_64-linux-gnu/:/usr/lib/../lib/:/usr/lib/gcc/x86_64-linux-gnu/5/../../../:/lib/:/usr/lib/
COLLECT_GCC_OPTIONS='-v' '-o' 'cmTC_b8d7b' '-rdynamic' '-shared-libgcc' '-mtune=generic' '-march=x86-64'
 /usr/lib/gcc/x86_64-linux-gnu/5/collect2 -plugin /usr/lib/gcc/x86_64-linux-gnu/5/liblto_plugin.so -plugin-opt=/usr/lib/gcc/x86_64-linux-gnu/5/lto-wrapper -plugin-opt=-fresolution=/tmp/ccHhsgeo.res -plugin-opt=-pass-through=-lgcc_s -plugin-opt=-pass-through=-lgcc -plugin-opt=-pass-through=-lc -plugin-opt=-pass-through=-lgcc_s -plugin-opt=-pass-through=-lgcc --sysroot=/ --build-id --eh-frame-hdr -m elf_x86_64 --hash-style=gnu --as-needed -export-dynamic -dynamic-linker /lib64/ld-linux-x86-64.so.2 -z relro -o cmTC_b8d7b /usr/lib/gcc/x86_64-linux-gnu/5/../../../x86_64-linux-gnu/crt1.o /usr/lib/gcc/x86_64-linux-gnu/5/../../../x86_64-linux-gnu/crti.o /usr/lib/gcc/x86_64-linux-gnu/5/crtbegin.o -L/usr/lib/gcc/x86_64-linux-gnu/5 -L/usr/lib/gcc/x86_64-linux-gnu/5/../../../x86_64-linux-gnu -L/usr/lib/gcc/x86_64-linux-gnu/5/../../../../lib -L/lib/x86_64-linux-gnu -L/lib/../lib -L/usr/lib/x86_64-linux-gnu -L/usr/lib/../lib -L/usr/lib/gcc/x86_64-linux-gnu/5/../../.. CMakeFiles/cmTC_b8d7b.dir/CMakeCXXCompilerABI.cpp.o -lstdc++ -lm -lgcc_s -lgcc -lc -lgcc_s -lgcc /usr/lib/gcc/x86_64-linux-gnu/5/crtend.o /usr/lib/gcc/x86_64-linux-gnu/5/../../../x86_64-linux-gnu/crtn.o
make[1]: Leaving directory '/home/prem/learning/opencv/labs/week3/cpp/build/CMakeFiles/CMakeTmp'


Parsed CXX implicit link information from above output:
  link line regex: [^( *|.*[/\])(ld|([^/\]+-)?ld|collect2)[^/\]*( |$)]
  ignore line: [Change Dir: /home/prem/learning/opencv/labs/week3/cpp/build/CMakeFiles/CMakeTmp]
  ignore line: []
  ignore line: [Run Build Command:"/usr/bin/make" "cmTC_b8d7b/fast"]
  ignore line: [/usr/bin/make -f CMakeFiles/cmTC_b8d7b.dir/build.make CMakeFiles/cmTC_b8d7b.dir/build]
  ignore line: [make[1]: Entering directory '/home/prem/learning/opencv/labs/week3/cpp/build/CMakeFiles/CMakeTmp']
  ignore line: [Building CXX object CMakeFiles/cmTC_b8d7b.dir/CMakeCXXCompilerABI.cpp.o]
  ignore line: [/usr/bin/c++      -o CMakeFiles/cmTC_b8d7b.dir/CMakeCXXCompilerABI.cpp.o -c /usr/share/cmake-3.5/Modules/CMakeCXXCompilerABI.cpp]
  ignore line: [Linking CXX executable cmTC_b8d7b]
  ignore line: [/usr/bin/cmake -E cmake_link_script CMakeFiles/cmTC_b8d7b.dir/link.txt --verbose=1]
  ignore line: [/usr/bin/c++       -v CMakeFiles/cmTC_b8d7b.dir/CMakeCXXCompilerABI.cpp.o  -o cmTC_b8d7b -rdynamic  ]
  ignore line: [Using built-in specs.]
  ignore line: [COLLECT_GCC=/usr/bin/c++]
  ignore line: [COLLECT_LTO_WRAPPER=/usr/lib/gcc/x86_64-linux-gnu/5/lto-wrapper]
  ignore line: [Target: x86_64-linux-gnu]
  ignore line: [Configured with: ../src/configure -v --with-pkgversion='Ubuntu 5.4.0-6ubuntu1~16.04.11' --with-bugurl=file:///usr/share/doc/gcc-5/README.Bugs --enable-languages=c,ada,c++,java,go,d,fortran,objc,obj-c++ --prefix=/usr --program-suffix=-5 --enable-shared --enable-linker-build-id --libexecdir=/usr/lib --without-included-gettext --enable-threads=posix --libdir=/usr/lib --enable-nls --with-sysroot=/ --enable-clocale=gnu --enable-libstdcxx-debug --enable-libstdcxx-time=yes --with-default-libstdcxx-abi=new --enable-gnu-unique-object --disable-vtable-verify --enable-libmpx --enable-plugin --with-system-zlib --disable-browser-plugin --enable-java-awt=gtk --enable-gtk-cairo --with-java-home=/usr/lib/jvm/java-1.5.0-gcj-5-amd64/jre --enable-java-home --with-jvm-root-dir=/usr/lib/jvm/java-1.5.0-gcj-5-amd64 --with-jvm-jar-dir=/usr/lib/jvm-exports/java-1.5.0-gcj-5-amd64 --with-arch-directory=amd64 --with-ecj-jar=/usr/share/java/eclipse-ecj.jar --enable-objc-gc --enable-multiarch --disable-werror --with-arch-32=i686 --with-abi=m64 --with-multilib-list=m32,m64,mx32 --enable-multilib --with-tune=generic --enable-checking=release --build=x86_64-linux-gnu --host=x86_64-linux-gnu --target=x86_64-linux-gnu]
  ignore line: [Thread model: posix]
  ignore line: [gcc version 5.4.0 20160609 (Ubuntu 5.4.0-6ubuntu1~16.04.11) ]
  ignore line: [COMPILER_PATH=/usr/lib/gcc/x86_64-linux-gnu/5/:/usr/lib/gcc/x86_64-linux-gnu/5/:/usr/lib/gcc/x86_64-linux-gnu/:/usr/lib/gcc/x86_64-linux-gnu/5/:/usr/lib/gcc/x86_64-linux-gnu/]
  ignore line: [LIBRARY_PATH=/usr/lib/gcc/x86_64-linux-gnu/5/:/usr/lib/gcc/x86_64-linux-gnu/5/../../../x86_64-linux-gnu/:/usr/lib/gcc/x86_64-linux-gnu/5/../../../../lib/:/lib/x86_64-linux-gnu/:/lib/../lib/:/usr/lib/x86_64-linux-gnu/:/usr/lib/../lib/:/usr/lib/gcc/x86_64-linux-gnu/5/../../../:/lib/:/usr/lib/]
  ignore line: [COLLECT_GCC_OPTIONS='-v' '-o' 'cmTC_b8d7b' '-rdynamic' '-shared-libgcc' '-mtune=generic' '-march=x86-64']
  link line: [ /usr/lib/gcc/x86_64-linux-gnu/5/collect2 -plugin /usr/lib/gcc/x86_64-linux-gnu/5/liblto_plugin.so -plugin-opt=/usr/lib/gcc/x86_64-linux-gnu/5/lto-wrapper -plugin-opt=-fresolution=/tmp/ccHhsgeo.res -plugin-opt=-pass-through=-lgcc_s -plugin-opt=-pass-through=-lgcc -plugin-opt=-pass-through=-lc -plugin-opt=-pass-through=-lgcc_s -plugin-opt=-pass-through=-lgcc --sysroot=/ --build-id --eh-frame-hdr -m elf_x86_64 --hash-style=gnu --as-needed -export-dynamic -dynamic-linker /lib64/ld-linux-x86-64.so.2 -z relro -o cmTC_b8d7b /usr/lib/gcc/x86_64-linux-gnu/5/../../../x86_64-linux-gnu/crt1.o /usr/lib/gcc/x86_64-linux-gnu/5/../../../x86_64-linux-gnu/crti.o /usr/lib/gcc/x86_64-linux-gnu/5/crtbegin.o -L/usr/lib/gcc/x86_64-linux-gnu/5 -L/usr/lib/gcc/x86_64-linux-gnu/5/../../../x86_64-linux-gnu -L/usr/lib/gcc/x86_64-linux-gnu/5/../../../../lib -L/lib/x86_64-linux-gnu -L/lib/../lib -L/usr/lib/x86_64-linux-gnu -L/usr/lib/../lib -L/usr/lib/gcc/x86_64-linux-gnu/5/../../.. CMakeFiles/cmTC_b8d7b.dir/CMakeCXXCompilerABI.cpp.o -lstdc++ -lm -lgcc_s -lgcc -lc -lgcc_s -lgcc /usr/lib/gcc/x86_64-linux-gnu/5/crtend.o /usr/lib/gcc/x86_64-linux-gnu/5/../../../x86_64-linux-gnu/crtn.o]
    arg [/usr/lib/gcc/x86_64-linux-gnu/5/collect2] ==> ignore
    arg [-plugin] ==> ignore
    arg [/usr/lib/gcc/x86_64-linux-gnu/5/liblto_plugin.so] ==> ignore
    arg [-plugin-opt=/usr/lib/gcc/x86_64-linux-gnu/5/lto-wrapper] ==> ignore
    arg [-plugin-opt=-fresolution=/tmp/ccHhsgeo.res] ==> ignore
    arg [-plugin-opt=-pass-through=-lgcc_s] ==> ignore
    arg [-plugin-opt=-pass-through=-lgcc] ==> ignore
    arg [-plugin-opt=-pass-through=-lc] ==> ignore
    arg [-plugin-opt=-pass-through=-lgcc_s] ==> ignore
    arg [-plugin-opt=-pass-through=-lgcc] ==> ignore
    arg [--sysroot=/] ==> ignore
    arg [--build-id] ==> ignore
    arg [--eh-frame-hdr] ==> ignore
    arg [-m] ==> ignore
    arg [elf_x86_64] ==> ignore
    arg [--hash-style=gnu] ==> ignore
    arg [--as-needed] ==> ignore
    arg [-export-dynamic] ==> ignore
    arg [-dynamic-linker] ==> ignore
    arg [/lib64/ld-linux-x86-64.so.2] ==> ignore
    arg [-zrelro] ==> ignore
    arg [-o] ==> ignore
    arg [cmTC_b8d7b] ==> ignore
    arg [/usr/lib/gcc/x86_64-linux-gnu/5/../../../x86_64-linux-gnu/crt1.o] ==> ignore
    arg [/usr/lib/gcc/x86_64-linux-gnu/5/../../../x86_64-linux-gnu/crti.o] ==> ignore
    arg [/usr/lib/gcc/x86_64-linux-gnu/5/crtbegin.o] ==> ignore
    arg [-L/usr/lib/gcc/x86_64-linux-gnu/5] ==> dir [/usr/lib/gcc/x86_64-linux-gnu/5]
    arg [-L/usr/lib/gcc/x86_64-linux-gnu/5/../../../x86_64-linux-gnu] ==> dir [/usr/lib/gcc/x86_64-linux-gnu/5/../../../x86_64-linux-gnu]
    arg [-L/usr/lib/gcc/x86_64-linux-gnu/5/../../../../lib] ==> dir [/usr/lib/gcc/x86_64-linux-gnu/5/../../../../lib]
    arg [-L/lib/x86_64-linux-gnu] ==> dir [/lib/x86_64-linux-gnu]
    arg [-L/lib/../lib] ==> dir [/lib/../lib]
    arg [-L/usr/lib/x86_64-linux-gnu] ==> dir [/usr/lib/x86_64-linux-gnu]
    arg [-L/usr/lib/../lib] ==> dir [/usr/lib/../lib]
    arg [-L/usr/lib/gcc/x86_64-linux-gnu/5/../../..] ==> dir [/usr/lib/gcc/x86_64-linux-gnu/5/../../..]
    arg [CMakeFiles/cmTC_b8d7b.dir/CMakeCXXCompilerABI.cpp.o] ==> ignore
    arg [-lstdc++] ==> lib [stdc++]
    arg [-lm] ==> lib [m]
    arg [-lgcc_s] ==> lib [gcc_s]
    arg [-lgcc] ==> lib [gcc]
    arg [-lc] ==> lib [c]
    arg [-lgcc_s] ==> lib [gcc_s]
    arg [-lgcc] ==> lib [gcc]
    arg [/usr/lib/gcc/x86_64-linux-gnu/5/crtend.o] ==> ignore
    arg [/usr/lib/gcc/x86_64-linux-gnu/5/../../../x86_64-linux-gnu/crtn.o] ==> ignore
  remove lib [gcc_s]
  remove lib [gcc]
  remove lib [gcc_s]
  remove lib [gcc]
  collapse library dir [/usr/lib/gcc/x86_64-linux-gnu/5] ==> [/usr/lib/gcc/x86_64-linux-gnu/5]
  collapse library dir [/usr/lib/gcc/x86_64-linux-gnu/5/../../../x86_64-linux-gnu] ==> [/usr/lib/x86_64-linux-gnu]
  collapse library dir [/usr/lib/gcc/x86_64-linux-gnu/5/../../../../lib] ==> [/usr/lib]
  collapse library dir [/lib/x86_64-linux-gnu] ==> [/lib/x86_64-linux-gnu]
  collapse library dir [/lib/../lib] ==> [/lib]
  collapse library dir [/usr/lib/x86_64-linux-gnu] ==> [/usr/lib/x86_64-linux-gnu]
  collapse library dir [/usr/lib/../lib] ==> [/usr/lib]
  collapse library dir [/usr/lib/gcc/x86_64-linux-gnu/5/../../..] ==> [/usr/lib]
  implicit libs: [stdc++;m;c]
  implicit dirs: [/usr/lib/gcc/x86_64-linux-gnu/5;/usr/lib/x86_64-linux-gnu;/usr/lib;/lib/x86_64-linux-gnu;/lib]
  implicit fwks: []




Detecting CXX [-std=c++14] compiler features compiled with the following output:
Change Dir: /home/prem/learning/opencv/labs/week3/cpp/build/CMakeFiles/CMakeTmp

Run Build Command:"/usr/bin/make" "cmTC_d53a2/fast"
/usr/bin/make -f CMakeFiles/cmTC_d53a2.dir/build.make CMakeFiles/cmTC_d53a2.dir/build
make[1]: Entering directory '/home/prem/learning/opencv/labs/week3/cpp/build/CMakeFiles/CMakeTmp'
Building CXX object CMakeFiles/cmTC_d53a2.dir/feature_tests.cxx.o
/usr/bin/c++     -std=c++14 -o CMakeFiles/cmTC_d53a2.dir/feature_tests.cxx.o -c /home/prem/learning/opencv/labs/week3/cpp/build/CMakeFiles/feature_tests.cxx
Linking CXX executable cmTC_d53a2
/usr/bin/cmake -E cmake_link_script CMakeFiles/cmTC_d53a2.dir/link.txt --verbose=1
/usr/bin/c++        CMakeFiles/cmTC_d53a2.dir/feature_tests.cxx.o  -o cmTC_d53a2 -rdynamic 
make[1]: Leaving directory '/home/prem/learning/opencv/labs/week3/cpp/build/CMakeFiles/CMakeTmp'


    Feature record: CXX_FEATURE:1cxx_aggregate_default_initializers
    Feature record: CXX_FEATURE:1cxx_alias_templates
    Feature record: CXX_FEATURE:1cxx_alignas
    Feature record: CXX_FEATURE:1cxx_alignof
    Feature record: CXX_FEATURE:1cxx_attributes
    Feature record: CXX_FEATURE:1cxx_attribute_deprecated
    Feature record: CXX_FEATURE:1cxx_auto_type
    Feature record: CXX_FEATURE:1cxx_binary_literals
    Feature record: CXX_FEATURE:1cxx_constexpr
    Feature record: CXX_FEATURE:1cxx_contextual_conversions
    Feature record: CXX_FEATURE:1cxx_decltype
    Feature record: CXX_FEATURE:1cxx_decltype_auto
    Feature record: CXX_FEATURE:1cxx_decltype_incomplete_return_types
    Feature record: CXX_FEATURE:1cxx_default_function_template_args
    Feature record: CXX_FEATURE:1cxx_defaulted_functions
    Feature record: CXX_FEATURE:1cxx_defaulted_move_initializers
    Feature record: CXX_FEATURE:1cxx_delegating_constructors
    Feature record: CXX_FEATURE:1cxx_deleted_functions
    Feature record: CXX_FEATURE:1cxx_digit_separators
    Feature record: CXX_FEATURE:1cxx_enum_forward_declarations
    Feature record: CXX_FEATURE:1cxx_explicit_conversions
    Feature record: CXX_FEATURE:1cxx_extended_friend_declarations
    Feature record: CXX_FEATURE:1cxx_extern_templates
    Feature record: CXX_FEATURE:1cxx_final
    Feature record: CXX_FEATURE:1cxx_func_identifier
    Feature record: CXX_FEATURE:1cxx_generalized_initializers
    Feature record: CXX_FEATURE:1cxx_generic_lambdas
    Feature record: CXX_FEATURE:1cxx_inheriting_constructors
    Feature record: CXX_FEATURE:1cxx_inline_namespaces
    Feature record: CXX_FEATURE:1cxx_lambdas
    Feature record: CXX_FEATURE:1cxx_lambda_init_captures
    Feature record: CXX_FEATURE:1cxx_local_type_template_args
    Feature record: CXX_FEATURE:1cxx_long_long_type
    Feature record: CXX_FEATURE:1cxx_noexcept
    Feature record: CXX_FEATURE:1cxx_nonstatic_member_init
    Feature record: CXX_FEATURE:1cxx_nullptr
    Feature record: CXX_FEATURE:1cxx_override
    Feature record: CXX_FEATURE:1cxx_range_for
    Feature record: CXX_FEATURE:1cxx_raw_string_literals
    Feature record: CXX_FEATURE:1cxx_reference_qualified_functions
    Feature record: CXX_FEATURE:1cxx_relaxed_constexpr
    Feature record: CXX_FEATURE:1cxx_return_type_deduction
    Feature record: CXX_FEATURE:1cxx_right_angle_brackets
    Feature record: CXX_FEATURE:1cxx_rvalue_references
    Feature record: CXX_FEATURE:1cxx_sizeof_member
    Feature record: CXX_FEATURE:1cxx_static_assert
    Feature record: CXX_FEATURE:1cxx_strong_enums
    Feature record: CXX_FEATURE:1cxx_template_template_parameters
    Feature record: CXX_FEATURE:1cxx_thread_local
    Feature record: CXX_FEATURE:1cxx_trailing_return_types
    Feature record: CXX_FEATURE:1cxx_unicode_literals
    Feature record: CXX_FEATURE:1cxx_uniform_initialization
    Feature record: CXX_FEATURE:1cxx_unrestricted_unions
    Feature record: CXX_FEATURE:1cxx_user_literals
    Feature record: CXX_FEATURE:1cxx_variable_templates
    Feature record: CXX_FEATURE:1cxx_variadic_macros
    Feature record: CXX_FEATURE:1cxx_variadic_templates


Detecting CXX [-std=c++11] compiler features compiled with the following output:
Change Dir: /home/prem/learning/opencv/labs/week3/cpp/build/CMakeFiles/CMakeTmp

Run Build Command:"/usr/bin/make" "cmTC_e8bef/fast"
/usr/bin/make -f CMakeFiles/cmTC_e8bef.dir/build.make CMakeFiles/cmTC_e8bef.dir/build
make[1]: Entering directory '/home/prem/learning/opencv/labs/week3/cpp/build/CMakeFiles/CMakeTmp'
Building CXX object CMakeFiles/cmTC_e8bef.dir/feature_tests.cxx.o
/usr/bin/c++     -std=c++11 -o CMakeFiles/cmTC_e8bef.dir/feature_tests.cxx.o -c /home/prem/learning/opencv/labs/week3/cpp/build/CMakeFiles/feature_tests.cxx
Linking CXX executable cmTC_e8bef
/usr/bin/cmake -E cmake_link_script CMakeFiles/cmTC_e8bef.dir/link.txt --verbose=1
/usr/bin/c++        CMakeFiles/cmTC_e8bef.dir/feature_tests.cxx.o  -o cmTC_e8bef -rdynamic 
make[1]: Leaving directory '/home/prem/learning/opencv/labs/week3/cpp/build/CMakeFiles/CMakeTmp'


    Feature record: CXX_FEATURE:0cxx_aggregate_default_initializers
    Feature record: CXX_FEATURE:1cxx_alias_templates
    Feature record: CXX_FEATURE:1cxx_alignas
    Feature record: CXX_FEATURE:1cxx_alignof
    Feature record: CXX_FEATURE:1cxx_attributes
    Feature record: CXX_FEATURE:0cxx_attribute_deprecated
    Feature record: CXX_FEATURE:1cxx_auto_type
    Feature record: CXX_FEATURE:0cxx_binary_literals
    Feature record: CXX_FEATURE:1cxx_constexpr
    Feature record: CXX_FEATURE:0cxx_contextual_conversions
    Feature record: CXX_FEATURE:1cxx_decltype
    Feature record: CXX_FEATURE:0cxx_decltype_auto
    Feature record: CXX_FEATURE:1cxx_decltype_incomplete_return_types
    Feature record: CXX_FEATURE:1cxx_default_function_template_args
    Feature record: CXX_FEATURE:1cxx_defaulted_functions
    Feature record: CXX_FEATURE:1cxx_defaulted_move_initializers
    Feature record: CXX_FEATURE:1cxx_delegating_constructors
    Feature record: CXX_FEATURE:1cxx_deleted_functions
    Feature record: CXX_FEATURE:0cxx_digit_separators
    Feature record: CXX_FEATURE:1cxx_enum_forward_declarations
    Feature record: CXX_FEATURE:1cxx_explicit_conversions
    Feature record: CXX_FEATURE:1cxx_extended_friend_declarations
    Feature record: CXX_FEATURE:1cxx_extern_templates
    Feature record: CXX_FEATURE:1cxx_final
    Feature record: CXX_FEATURE:1cxx_func_identifier
    Feature record: CXX_FEATURE:1cxx_generalized_initializers
    Feature record: CXX_FEATURE:0cxx_generic_lambdas
    Feature record: CXX_FEATURE:1cxx_inheriting_constructors
    Feature record: CXX_FEATURE:1cxx_inline_namespaces
    Feature record: CXX_FEATURE:1cxx_lambdas
    Feature record: CXX_FEATURE:0cxx_lambda_init_captures
    Feature record: CXX_FEATURE:1cxx_local_type_template_args
    Feature record: CXX_FEATURE:1cxx_long_long_type
    Feature record: CXX_FEATURE:1cxx_noexcept
    Feature record: CXX_FEATURE:1cxx_nonstatic_member_init
    Feature record: CXX_FEATURE:1cxx_nullptr
    Feature record: CXX_FEATURE:1cxx_override
    Feature record: CXX_FEATURE:1cxx_range_for
    Feature record: CXX_FEATURE:1cxx_raw_string_literals
    Feature record: CXX_FEATURE:1cxx_reference_qualified_functions
    Feature record: CXX_FEATURE:0cxx_relaxed_constexpr
    Feature record: CXX_FEATURE:0cxx_return_type_deduction
    Feature record: CXX_FEATURE:1cxx_right_angle_brackets
    Feature record: CXX_FEATURE:1cxx_rvalue_references
    Feature record: CXX_FEATURE:1cxx_sizeof_member
    Feature record: CXX_FEATURE:1cxx_static_assert
    Feature record: CXX_FEATURE:1cxx_strong_enums
    Feature record: CXX_FEATURE:1cxx_template_template_parameters
    Feature record: CXX_FEATURE:1cxx_thread_local
    Feature record: CXX_FEATURE:1cxx_trailing_return_types
    Feature record: CXX_FEATURE:1cxx_unicode_literals
    Feature record: CXX_FEATURE:1cxx_uniform_initialization
    Feature record: CXX_FEATURE:1cxx_unrestricted_unions
    Feature record: CXX_FEATURE:1cxx_user_literals
    Feature record: CXX_FEATURE:0cxx_variable_templates
    Feature record: CXX_FEATURE:1cxx_variadic_macros
    Feature record: CXX_FEATURE:1cxx_variadic_templates


Detecting CXX [-std=c++98] compiler features compiled with the following output:
Change Dir: /home/prem/learning/opencv/labs/week3/cpp/build/CMakeFiles/CMakeTmp

Run Build Command:"/usr/bin/make" "cmTC_07db4/fast"
/usr/bin/make -f CMakeFiles/cmTC_07db4.dir/build.make CMakeFiles/cmTC_07db4.dir/build
make[1]: Entering directory '/home/prem/learning/opencv/labs/week3/cpp/build/CMakeFiles/CMakeTmp'
Building CXX object CMakeFiles/cmTC_07db4.dir/feature_tests.cxx.o
/usr/bin/c++     -std=c++98 -o CMakeFiles/cmTC_07db4.dir/feature_tests.cxx.o -c /home/prem/learning/opencv/labs/week3/cpp/build/CMakeFiles/feature_tests.cxx
Linking CXX executable cmTC_07db4
/usr/bin/cmake -E cmake_link_script CMakeFiles/cmTC_07db4.dir/link.txt --verbose=1
/usr/bin/c++        CMakeFiles/cmTC_07db4.dir/feature_tests.cxx.o  -o cmTC_07db4 -rdynamic 
make[1]: Leaving directory '/home/prem/learning/opencv/labs/week3/cpp/build/CMakeFiles/CMakeTmp'


    Feature record: CXX_FEATURE:0cxx_aggregate_default_initializers
    Feature record: CXX_FEATURE:0cxx_alias_templates
    Feature record: CXX_FEATURE:0cxx_alignas
    Feature record: CXX_FEATURE:0cxx_alignof
    Feature record: CXX_FEATURE:0cxx_attributes
    Feature record: CXX_FEATURE:0cxx_attribute_deprecated
    Feature record: CXX_FEATURE:0cxx_auto_type
    Feature record: CXX_FEATURE:0cxx_binary_literals
    Feature record: CXX_FEATURE:0cxx_constexpr
    Feature record: CXX_FEATURE:0cxx_contextual_conversions
    Feature record: CXX_FEATURE:0cxx_decltype
    Feature record: CXX_FEATURE:0cxx_decltype_auto
    Feature record: CXX_FEATURE:0cxx_decltype_incomplete_return_types
    Feature record: CXX_FEATURE:0cxx_default_function_template_args
    Feature record: CXX_FEATURE:0cxx_defaulted_functions
    Feature record: CXX_FEATURE:0cxx_defaulted_move_initializers
    Feature record: CXX_FEATURE:0cxx_delegating_constructors
    Feature record: CXX_FEATURE:0cxx_deleted_functions
    Feature record: CXX_FEATURE:0cxx_digit_separators
    Feature record: CXX_FEATURE:0cxx_enum_forward_declarations
    Feature record: CXX_FEATURE:0cxx_explicit_conversions
    Feature record: CXX_FEATURE:0cxx_extended_friend_declarations
    Feature record: CXX_FEATURE:0cxx_extern_templates
    Feature record: CXX_FEATURE:0cxx_final
    Feature record: CXX_FEATURE:0cxx_func_identifier
    Feature record: CXX_FEATURE:0cxx_generalized_initializers
    Feature record: CXX_FEATURE:0cxx_generic_lambdas
    Feature record: CXX_FEATURE:0cxx_inheriting_constructors
    Feature record: CXX_FEATURE:0cxx_inline_namespaces
    Feature record: CXX_FEATURE:0cxx_lambdas
    Feature record: CXX_FEATURE:0cxx_lambda_init_captures
    Feature record: CXX_FEATURE:0cxx_local_type_template_args
    Feature record: CXX_FEATURE:0cxx_long_long_type
    Feature record: CXX_FEATURE:0cxx_noexcept
    Feature record: CXX_FEATURE:0cxx_nonstatic_member_init
    Feature record: CXX_FEATURE:0cxx_nullptr
    Feature record: CXX_FEATURE:0cxx_override
    Feature record: CXX_FEATURE:0cxx_range_for
    Feature record: CXX_FEATURE:0cxx_raw_string_literals
    Feature record: CXX_FEATURE:0cxx_reference_qualified_functions
    Feature record: CXX_FEATURE:0cxx_relaxed_constexpr
    Feature record: CXX_FEATURE:0cxx_return_type_deduction
    Feature record: CXX_FEATURE:0cxx_right_angle_brackets
    Feature record: CXX_FEATURE:0cxx_rvalue_references
    Feature record: CXX_FEATURE:0cxx_sizeof_member
    Feature record: CXX_FEATURE:0cxx_static_assert
    Feature record: CXX_FEATURE:0cxx_strong_enums
    Feature record: CXX_FEATURE:1cxx_template_template_parameters
    Feature record: CXX_FEATURE:0cxx_thread_local
    Feature record: CXX_FEATURE:0cxx_trailing_return_types
    Feature record: CXX_FEATURE:0cxx_unicode_literals
    Feature record: CXX_FEATURE:0cxx_uniform_initialization
    Feature record: CXX_FEATURE:0cxx_unrestricted_unions
    Feature record: CXX_FEATURE:0cxx_user_literals
    Feature record: CXX_FEATURE:0cxx_variable_templates
    Feature record: CXX_FEATURE:0cxx_variadic_macros
    Feature record: CXX_FEATURE:0cxx_variadic_templates
Determining if the include file pthread.h exists passed with the following output:
Change Dir: /home/prem/learning/opencv/labs/week3/cpp/build/CMakeFiles/CMakeTmp

Run Build Command:"/usr/bin/make" "cmTC_03741/fast"
/usr/bin/make -f CMakeFiles/cmTC_03741.dir/build.make CMakeFiles/cmTC_03741.dir/build
make[1]: Entering directory '/home/prem/learning/opencv/labs/week3/cpp/build/CMakeFiles/CMakeTmp'
Building C object CMakeFiles/cmTC_03741.dir/CheckIncludeFile.c.o
/usr/bin/cc     -o CMakeFiles/cmTC_03741.dir/CheckIncludeFile.c.o   -c /home/prem/learning/opencv/labs/week3/cpp/build/CMakeFiles/CMakeTmp/CheckIncludeFile.c
Linking C executable cmTC_03741
/usr/bin/cmake -E cmake_link_script CMakeFiles/cmTC_03741.dir/link.txt --verbose=1
/usr/bin/cc       CMakeFiles/cmTC_03741.dir/CheckIncludeFile.c.o  -o cmTC_03741 -rdynamic 
make[1]: Leaving directory '/home/prem/learning/opencv/labs/week3/cpp/build/CMakeFiles/CMakeTmp'


Determining if the function pthread_create exists in the pthread passed with the following output:
Change Dir: /home/prem/learning/opencv/labs/week3/cpp/build/CMakeFiles/CMakeTmp

Run Build Command:"/usr/bin/make" "cmTC_0eea3/fast"
/usr/bin/make -f CMakeFiles/cmTC_0eea3.dir/build.make CMakeFiles/cmTC_0eea3.dir/build
make[1]: Entering directory '/home/prem/learning/opencv/labs/week3/cpp/build/CMakeFiles/CMakeTmp'
Building C object CMakeFiles/cmTC_0eea3.dir/CheckFunctionExists.c.o
/usr/bin/cc    -DCHECK_FUNCTION_EXISTS=pthread_create   -o CMakeFiles/cmTC_0eea3.dir/CheckFunctionExists.c.o   -c /usr/share/cmake-3.5/Modules/CheckFunctionExists.c
Linking C executable cmTC_0eea3
/usr/bin/cmake -E cmake_link_script CMakeFiles/cmTC_0eea3.dir/link.txt --verbose=1
/usr/bin/cc   -DCHECK_FUNCTION_EXISTS=pthread_create    CMakeFiles/cmTC_0eea3.dir/CheckFunctionExists.c.o  -o cmTC_0eea3 -rdynamic -lpthread 
make[1]: Leaving directory '/home/prem/learning/opencv/labs/week3/cpp/build/CMakeFiles/CMakeTmp'


Determining if the function XOpenDisplay exists in the /usr/lib/x86_64-linux-gnu/libX11.so;/usr/lib/x86_64-linux-gnu/libXext.so passed with the following output:
Change Dir: /home/prem/learning/opencv/labs/week3/cpp/build/CMakeFiles/CMakeTmp

Run Build Command:"/usr/bin/make" "cmTC_7ba3a/fast"
/usr/bin/make -f CMakeFiles/cmTC_7ba3a.dir/build.make CMakeFiles/cmTC_7ba3a.dir/build
make[1]: Entering directory '/home/prem/learning/opencv/labs/week3/cpp/build/CMakeFiles/CMakeTmp'
Building C object CMakeFiles/cmTC_7ba3a.dir/CheckFunctionExists.c.o
/usr/bin/cc    -DCHECK_FUNCTION_EXISTS=XOpenDisplay   -o CMakeFiles/cmTC_7ba3a.dir/CheckFunctionExists.c.o   -c /usr/share/cmake-3.5/Modules/CheckFunctionExists.c
Linking C executable cmTC_7ba3a
/usr/bin/cmake -E cmake_link_script CMakeFiles/cmTC_7ba3a.dir/link.txt --verbose=1
/usr/bin/cc   -DCHECK_FUNCTION_EXISTS=XOpenDisplay    CMakeFiles/cmTC_7ba3a.dir/CheckFunctionExists.c.o  -o cmTC_7ba3a -rdynamic /usr/lib/x86_64-linux-gnu/libX11.so /usr/lib/x86_64-linux-gnu/libXext.so 
make[1]: Leaving directory '/home/prem/learning/opencv/labs/week3/cpp/build/CMakeFiles/CMakeTmp'


Determining if the function gethostbyname exists passed with the following output:
Change Dir: /home/prem/learning/opencv/labs/week3/cpp/build/CMakeFiles/CMakeTmp

Run Build Command:"/usr/bin/make" "cmTC_f7850/fast"
/usr/bin/make -f CMakeFiles/cmTC_f7850.dir/build.make CMakeFiles/cmTC_f7850.dir/build
make[1]: Entering directory '/home/prem/learning/opencv/labs/week3/cpp/build/CMakeFiles/CMakeTmp'
Building C object CMakeFiles/cmTC_f7850.dir/CheckFunctionExists.c.o
/usr/bin/cc    -DCHECK_FUNCTION_EXISTS=gethostbyname   -o CMakeFiles/cmTC_f7850.dir/CheckFunctionExists.c.o   -c /usr/share/cmake-3.5/Modules/CheckFunctionExists.c
Linking C executable cmTC_f7850
/usr/bin/cmake -E cmake_link_script CMakeFiles/cmTC_f7850.dir/link.txt --verbose=1
/usr/bin/cc   -DCHECK_FUNCTION_EXISTS=gethostbyname    CMakeFiles/cmTC_f7850.dir/CheckFunctionExists.c.o  -o cmTC_f7850 -rdynamic 
make[1]: Leaving directory '/home/prem/learning/opencv/labs/week3/cpp/build/CMakeFiles/CMakeTmp'


Determining if the function connect exists passed with the following output:
Change Dir: /home/prem/learning/opencv/labs/week3/cpp/build/CMakeFiles/CMakeTmp

Run Build Command:"/usr/bin/make" "cmTC_c03b2/fast"
/usr/bin/make -f CMakeFiles/cmTC_c03b2.dir/build.make CMakeFiles/cmTC_c03b2.dir/build
make[1]: Entering directory '/home/prem/learning/opencv/labs/week3/cpp/build/CMakeFiles/CMakeTmp'
Building C object CMakeFiles/cmTC_c03b2.dir/CheckFunctionExists.c.o
/usr/bin/cc    -DCHECK_FUNCTION_EXISTS=connect   -o CMakeFiles/cmTC_c03b2.dir/CheckFunctionExists.c.o   -c /usr/share/cmake-3.5/Modules/CheckFunctionExists.c
Linking C executable cmTC_c03b2
/usr/bin/cmake -E cmake_link_script CMakeFiles/cmTC_c03b2.dir/link.txt --verbose=1
/usr/bin/cc   -DCHECK_FUNCTION_EXISTS=connect    CMakeFiles/cmTC_c03b2.dir/CheckFunctionExists.c.o  -o cmTC_c03b2 -rdynamic 
make[1]: Leaving directory '/home/prem/learning/opencv/labs/week3/cpp/build/CMakeFiles/CMakeTmp'


Determining if the function remove exists passed with the following output:
Change Dir: /home/prem/learning/opencv/labs/week3/cpp/build/CMakeFiles/CMakeTmp

Run Build Command:"/usr/bin/make" "cmTC_7238f/fast"
/usr/bin/make -f CMakeFiles/cmTC_7238f.dir/build.make CMakeFiles/cmTC_7238f.dir/build
make[1]: Entering directory '/home/prem/learning/opencv/labs/week3/cpp/build/CMakeFiles/CMakeTmp'
Building C object CMakeFiles/cmTC_7238f.dir/CheckFunctionExists.c.o
/usr/bin/cc    -DCHECK_FUNCTION_EXISTS=remove   -o CMakeFiles/cmTC_7238f.dir/CheckFunctionExists.c.o   -c /usr/share/cmake-3.5/Modules/CheckFunctionExists.c
Linking C executable cmTC_7238f
/usr/bin/cmake -E cmake_link_script CMakeFiles/cmTC_7238f.dir/link.txt --verbose=1
/usr/bin/cc   -DCHECK_FUNCTION_EXISTS=remove    CMakeFiles/cmTC_7238f.dir/CheckFunctionExists.c.o  -o cmTC_7238f -rdynamic 
make[1]: Leaving directory '/home/prem/learning/opencv/labs/week3/cpp/build/CMakeFiles/CMakeTmp'


Determining if the function shmat exists passed with the following output:
Change Dir: /home/prem/learning/opencv/labs/week3/cpp/build/CMakeFiles/CMakeTmp

Run Build Command:"/usr/bin/make" "cmTC_3361c/fast"
/usr/bin/make -f CMakeFiles/cmTC_3361c.dir/build.make CMakeFiles/cmTC_3361c.dir/build
make[1]: Entering directory '/home/prem/learning/opencv/labs/week3/cpp/build/CMakeFiles/CMakeTmp'
Building C object CMakeFiles/cmTC_3361c.dir/CheckFunctionExists.c.o
/usr/bin/cc    -DCHECK_FUNCTION_EXISTS=shmat   -o CMakeFiles/cmTC_3361c.dir/CheckFunctionExists.c.o   -c /usr/share/cmake-3.5/Modules/CheckFunctionExists.c
Linking C executable cmTC_3361c
/usr/bin/cmake -E cmake_link_script CMakeFiles/cmTC_3361c.dir/link.txt --verbose=1
/usr/bin/cc   -DCHECK_FUNCTION_EXISTS=shmat    CMakeFiles/cmTC_3361c.dir/CheckFunctionExists.c.o  -o cmTC_3361c -rdynamic 
make[1]: Leaving directory '/home/prem/learning/opencv/labs/week3/cpp/build/CMakeFiles/CMakeTmp'


Determining if the function IceConnectionNumber exists in the ICE passed with the following output:
Change Dir: /home/prem/learning/opencv/labs/week3/cpp/build/CMakeFiles/CMakeTmp

Run Build Command:"/usr/bin/make" "cmTC_e0837/fast"
/usr/bin/make -f CMakeFiles/cmTC_e0837.dir/build.make CMakeFiles/cmTC_e0837.dir/build
make[1]: Entering directory '/home/prem/learning/opencv/labs/week3/cpp/build/CMakeFiles/CMakeTmp'
Building C object CMakeFiles/cmTC_e0837.dir/CheckFunctionExists.c.o
/usr/bin/cc    -DCHECK_FUNCTION_EXISTS=IceConnectionNumber   -o CMakeFiles/cmTC_e0837.dir/CheckFunctionExists.c.o   -c /usr/share/cmake-3.5/Modules/CheckFunctionExists.c
Linking C executable cmTC_e0837
/usr/bin/cmake -E cmake_link_script CMakeFiles/cmTC_e0837.dir/link.txt --verbose=1
/usr/bin/cc   -DCHECK_FUNCTION_EXISTS=IceConnectionNumber    CMakeFiles/cmTC_e0837.dir/CheckFunctionExists.c.o  -o cmTC_e0837 -rdynamic -lICE 
make[1]: Leaving directory '/home/prem/learning/opencv/labs/week3/cpp/build/CMakeFiles/CMakeTmp'


Performing C SOURCE FILE Test GIF_GifFileType_UserData succeeded with the following output:
Change Dir: /home/prem/learning/opencv/labs/week3/cpp/build/CMakeFiles/CMakeTmp

Run Build Command:"/usr/bin/make" "cmTC_c4e77/fast"
/usr/bin/make -f CMakeFiles/cmTC_c4e77.dir/build.make CMakeFiles/cmTC_c4e77.dir/build
make[1]: Entering directory '/home/prem/learning/opencv/labs/week3/cpp/build/CMakeFiles/CMakeTmp'
Building C object CMakeFiles/cmTC_c4e77.dir/src.c.o
/usr/bin/cc    -DGIF_GifFileType_UserData   -o CMakeFiles/cmTC_c4e77.dir/src.c.o   -c /home/prem/learning/opencv/labs/week3/cpp/build/CMakeFiles/CMakeTmp/src.c
Linking C executable cmTC_c4e77
/usr/bin/cmake -E cmake_link_script CMakeFiles/cmTC_c4e77.dir/link.txt --verbose=1
/usr/bin/cc   -DGIF_GifFileType_UserData    CMakeFiles/cmTC_c4e77.dir/src.c.o  -o cmTC_c4e77 -rdynamic 
make[1]: Leaving directory '/home/prem/learning/opencv/labs/week3/cpp/build/CMakeFiles/CMakeTmp'

Source file was:

#include <gif_lib.h>

int main()
{
   (void)sizeof(((GifFileType *)0)->UserData);
   return 0;
}

Determining if the function png_create_read_struct exists passed with the following output:
Change Dir: /home/prem/learning/opencv/labs/week3/cpp/build/CMakeFiles/CMakeTmp

Run Build Command:"/usr/bin/make" "cmTC_424df/fast"
/usr/bin/make -f CMakeFiles/cmTC_424df.dir/build.make CMakeFiles/cmTC_424df.dir/build
make[1]: Entering directory '/home/prem/learning/opencv/labs/week3/cpp/build/CMakeFiles/CMakeTmp'
Building C object CMakeFiles/cmTC_424df.dir/CheckFunctionExists.c.o
/usr/bin/cc    -DCHECK_FUNCTION_EXISTS=png_create_read_struct   -o CMakeFiles/cmTC_424df.dir/CheckFunctionExists.c.o   -c /usr/share/cmake-3.5/Modules/CheckFunctionExists.c
Linking C executable cmTC_424df
/usr/bin/cmake -E cmake_link_script CMakeFiles/cmTC_424df.dir/link.txt --verbose=1
/usr/bin/cc   -DCHECK_FUNCTION_EXISTS=png_create_read_struct    CMakeFiles/cmTC_424df.dir/CheckFunctionExists.c.o  -o cmTC_424df -rdynamic /usr/lib/x86_64-linux-gnu/libpng.so /usr/lib/x86_64-linux-gnu/libz.so 
make[1]: Leaving directory '/home/prem/learning/opencv/labs/week3/cpp/build/CMakeFiles/CMakeTmp'


Determining if the function jpeg_read_header exists passed with the following output:
Change Dir: /home/prem/learning/opencv/labs/week3/cpp/build/CMakeFiles/CMakeTmp

Run Build Command:"/usr/bin/make" "cmTC_48824/fast"
/usr/bin/make -f CMakeFiles/cmTC_48824.dir/build.make CMakeFiles/cmTC_48824.dir/build
make[1]: Entering directory '/home/prem/learning/opencv/labs/week3/cpp/build/CMakeFiles/CMakeTmp'
Building C object CMakeFiles/cmTC_48824.dir/CheckFunctionExists.c.o
/usr/bin/cc    -DCHECK_FUNCTION_EXISTS=jpeg_read_header   -o CMakeFiles/cmTC_48824.dir/CheckFunctionExists.c.o   -c /usr/share/cmake-3.5/Modules/CheckFunctionExists.c
Linking C executable cmTC_48824
/usr/bin/cmake -E cmake_link_script CMakeFiles/cmTC_48824.dir/link.txt --verbose=1
/usr/bin/cc   -DCHECK_FUNCTION_EXISTS=jpeg_read_header    CMakeFiles/cmTC_48824.dir/CheckFunctionExists.c.o  -o cmTC_48824 -rdynamic /usr/lib/x86_64-linux-gnu/libjpeg.so 
make[1]: Leaving directory '/home/prem/learning/opencv/labs/week3/cpp/build/CMakeFiles/CMakeTmp'


Determining if the include file sys/types.h exists passed with the following output:
Change Dir: /home/prem/learning/opencv/labs/week3/cpp/build/CMakeFiles/CMakeTmp

Run Build Command:"/usr/bin/make" "cmTC_aba8a/fast"
/usr/bin/make -f CMakeFiles/cmTC_aba8a.dir/build.make CMakeFiles/cmTC_aba8a.dir/build
make[1]: Entering directory '/home/prem/learning/opencv/labs/week3/cpp/build/CMakeFiles/CMakeTmp'
Building C object CMakeFiles/cmTC_aba8a.dir/CheckIncludeFile.c.o
/usr/bin/cc     -o CMakeFiles/cmTC_aba8a.dir/CheckIncludeFile.c.o   -c /home/prem/learning/opencv/labs/week3/cpp/build/CMakeFiles/CMakeTmp/CheckIncludeFile.c
Linking C executable cmTC_aba8a
/usr/bin/cmake -E cmake_link_script CMakeFiles/cmTC_aba8a.dir/link.txt --verbose=1
/usr/bin/cc       CMakeFiles/cmTC_aba8a.dir/CheckIncludeFile.c.o  -o cmTC_aba8a -rdynamic 
make[1]: Leaving directory '/home/prem/learning/opencv/labs/week3/cpp/build/CMakeFiles/CMakeTmp'


Determining if the include file stdint.h exists passed with the following output:
Change Dir: /home/prem/learning/opencv/labs/week3/cpp/build/CMakeFiles/CMakeTmp

Run Build Command:"/usr/bin/make" "cmTC_6d878/fast"
/usr/bin/make -f CMakeFiles/cmTC_6d878.dir/build.make CMakeFiles/cmTC_6d878.dir/build
make[1]: Entering directory '/home/prem/learning/opencv/labs/week3/cpp/build/CMakeFiles/CMakeTmp'
Building C object CMakeFiles/cmTC_6d878.dir/CheckIncludeFile.c.o
/usr/bin/cc     -o CMakeFiles/cmTC_6d878.dir/CheckIncludeFile.c.o   -c /home/prem/learning/opencv/labs/week3/cpp/build/CMakeFiles/CMakeTmp/CheckIncludeFile.c
Linking C executable cmTC_6d878
/usr/bin/cmake -E cmake_link_script CMakeFiles/cmTC_6d878.dir/link.txt --verbose=1
/usr/bin/cc       CMakeFiles/cmTC_6d878.dir/CheckIncludeFile.c.o  -o cmTC_6d878 -rdynamic 
make[1]: Leaving directory '/home/prem/learning/opencv/labs/week3/cpp/build/CMakeFiles/CMakeTmp'


Determining if the include file stddef.h exists passed with the following output:
Change Dir: /home/prem/learning/opencv/labs/week3/cpp/build/CMakeFiles/CMakeTmp

Run Build Command:"/usr/bin/make" "cmTC_35732/fast"
/usr/bin/make -f CMakeFiles/cmTC_35732.dir/build.make CMakeFiles/cmTC_35732.dir/build
make[1]: Entering directory '/home/prem/learning/opencv/labs/week3/cpp/build/CMakeFiles/CMakeTmp'
Building C object CMakeFiles/cmTC_35732.dir/CheckIncludeFile.c.o
/usr/bin/cc     -o CMakeFiles/cmTC_35732.dir/CheckIncludeFile.c.o   -c /home/prem/learning/opencv/labs/week3/cpp/build/CMakeFiles/CMakeTmp/CheckIncludeFile.c
Linking C executable cmTC_35732
/usr/bin/cmake -E cmake_link_script CMakeFiles/cmTC_35732.dir/link.txt --verbose=1
/usr/bin/cc       CMakeFiles/cmTC_35732.dir/CheckIncludeFile.c.o  -o cmTC_35732 -rdynamic 
make[1]: Leaving directory '/home/prem/learning/opencv/labs/week3/cpp/build/CMakeFiles/CMakeTmp'


Determining size of void* passed with the following output:
Change Dir: /home/prem/learning/opencv/labs/week3/cpp/build/CMakeFiles/CMakeTmp

Run Build Command:"/usr/bin/make" "cmTC_967b6/fast"
/usr/bin/make -f CMakeFiles/cmTC_967b6.dir/build.make CMakeFiles/cmTC_967b6.dir/build
make[1]: Entering directory '/home/prem/learning/opencv/labs/week3/cpp/build/CMakeFiles/CMakeTmp'
Building C object CMakeFiles/cmTC_967b6.dir/SIZE_OF_VOID_PTR.c.o
/usr/bin/cc     -o CMakeFiles/cmTC_967b6.dir/SIZE_OF_VOID_PTR.c.o   -c /home/prem/learning/opencv/labs/week3/cpp/build/CMakeFiles/CheckTypeSize/SIZE_OF_VOID_PTR.c
Linking C executable cmTC_967b6
/usr/bin/cmake -E cmake_link_script CMakeFiles/cmTC_967b6.dir/link.txt --verbose=1
/usr/bin/cc       CMakeFiles/cmTC_967b6.dir/SIZE_OF_VOID_PTR.c.o  -o cmTC_967b6 -rdynamic /usr/lib/x86_64-linux-gnu/libjpeg.so 
make[1]: Leaving directory '/home/prem/learning/opencv/labs/week3/cpp/build/CMakeFiles/CMakeTmp'


Determining if the function cblas_ddot exists passed with the following output:
Change Dir: /home/prem/learning/opencv/labs/week3/cpp/build/CMakeFiles/CMakeTmp

Run Build Command:"/usr/bin/make" "cmTC_b4b27/fast"
/usr/bin/make -f CMakeFiles/cmTC_b4b27.dir/build.make CMakeFiles/cmTC_b4b27.dir/build
make[1]: Entering directory '/home/prem/learning/opencv/labs/week3/cpp/build/CMakeFiles/CMakeTmp'
Building C object CMakeFiles/cmTC_b4b27.dir/CheckFunctionExists.c.o
/usr/bin/cc    -DCHECK_FUNCTION_EXISTS=cblas_ddot   -o CMakeFiles/cmTC_b4b27.dir/CheckFunctionExists.c.o   -c /usr/share/cmake-3.5/Modules/CheckFunctionExists.c
Linking C executable cmTC_b4b27
/usr/bin/cmake -E cmake_link_script CMakeFiles/cmTC_b4b27.dir/link.txt --verbose=1
/usr/bin/cc   -DCHECK_FUNCTION_EXISTS=cblas_ddot    CMakeFiles/cmTC_b4b27.dir/CheckFunctionExists.c.o  -o cmTC_b4b27 -rdynamic /usr/lib/libatlas.so /usr/lib/libcblas.so 
make[1]: Leaving directory '/home/prem/learning/opencv/labs/week3/cpp/build/CMakeFiles/CMakeTmp'


Performing C SOURCE FILE Test OpenMP_FLAG_DETECTED succeeded with the following output:
Change Dir: /home/prem/learning/opencv/labs/week3/cpp/build/CMakeFiles/CMakeTmp

Run Build Command:"/usr/bin/make" "cmTC_172d9/fast"
/usr/bin/make -f CMakeFiles/cmTC_172d9.dir/build.make CMakeFiles/cmTC_172d9.dir/build
make[1]: Entering directory '/home/prem/learning/opencv/labs/week3/cpp/build/CMakeFiles/CMakeTmp'
Building C object CMakeFiles/cmTC_172d9.dir/src.c.o
/usr/bin/cc    -DOpenMP_FLAG_DETECTED -fopenmp   -o CMakeFiles/cmTC_172d9.dir/src.c.o   -c /home/prem/learning/opencv/labs/week3/cpp/build/CMakeFiles/CMakeTmp/src.c
Linking C executable cmTC_172d9
/usr/bin/cmake -E cmake_link_script CMakeFiles/cmTC_172d9.dir/link.txt --verbose=1
/usr/bin/cc   -DOpenMP_FLAG_DETECTED -fopenmp    CMakeFiles/cmTC_172d9.dir/src.c.o  -o cmTC_172d9 -rdynamic /usr/lib/libatlas.so /usr/lib/libcblas.so 
make[1]: Leaving directory '/home/prem/learning/opencv/labs/week3/cpp/build/CMakeFiles/CMakeTmp'

Source file was:

#include <omp.h>
int main() {
#ifdef _OPENMP
  return 0;
#else
  breaks_on_purpose
#endif
}

Performing C++ SOURCE FILE Test OpenMP_FLAG_DETECTED succeeded with the following output:
Change Dir: /home/prem/learning/opencv/labs/week3/cpp/build/CMakeFiles/CMakeTmp

Run Build Command:"/usr/bin/make" "cmTC_43ce7/fast"
/usr/bin/make -f CMakeFiles/cmTC_43ce7.dir/build.make CMakeFiles/cmTC_43ce7.dir/build
make[1]: Entering directory '/home/prem/learning/opencv/labs/week3/cpp/build/CMakeFiles/CMakeTmp'
Building CXX object CMakeFiles/cmTC_43ce7.dir/src.cxx.o
/usr/bin/c++     -Wreturn-type -DOpenMP_FLAG_DETECTED -fopenmp   -o CMakeFiles/cmTC_43ce7.dir/src.cxx.o -c /home/prem/learning/opencv/labs/week3/cpp/build/CMakeFiles/CMakeTmp/src.cxx
Linking CXX executable cmTC_43ce7
/usr/bin/cmake -E cmake_link_script CMakeFiles/cmTC_43ce7.dir/link.txt --verbose=1
/usr/bin/c++    -Wreturn-type -DOpenMP_FLAG_DETECTED -fopenmp    CMakeFiles/cmTC_43ce7.dir/src.cxx.o  -o cmTC_43ce7 -rdynamic /usr/lib/libatlas.so /usr/lib/libcblas.so 
make[1]: Leaving directory '/home/prem/learning/opencv/labs/week3/cpp/build/CMakeFiles/CMakeTmp'

Source file was:

#include <omp.h>
int main() {
#ifdef _OPENMP
  return 0;
#else
  breaks_on_purpose
#endif
}

